<?xml version="1.0" encoding="UTF-8"?>
<!-- Generated by org.testng.reporters.JUnitReportReporter -->
<testsuite skipped="0" hostname="L-4025" name="ReadDataFromCSV" tests="1" failures="0" timestamp="31 Jul 2019 09:51:35 GMT" time="15.761" errors="0">
  <testcase name="read_data" time="15.761" classname="ReadDataFromCSV"/>
</testsuite> <!-- ReadDataFromCSV -->
